<?xml version="1.0" encoding="UTF-8"?>
<coverage generated="1773126321008" clover="3.2.0">
  <project timestamp="1773126321008" name="All files">
    <metrics statements="87" coveredstatements="84" conditionals="22" coveredconditionals="19" methods="25" coveredmethods="24" elements="134" coveredelements="127" complexity="0" loc="87" ncloc="87" packages="2" files="2" classes="2"/>
    <package name="api">
      <metrics statements="77" coveredstatements="77" conditionals="22" coveredconditionals="19" methods="21" coveredmethods="21"/>
      <file name="websocket.ts" path="/Users/artemkuznecov/repos/gitlab_queue/frontend/src/api/websocket.ts">
        <metrics statements="77" coveredstatements="77" conditionals="22" coveredconditionals="19" methods="21" coveredmethods="21"/>
        <line num="15" count="1" type="stmt"/>
        <line num="18" count="1" type="stmt"/>
        <line num="21" count="1" type="stmt"/>
        <line num="38" count="23" type="stmt"/>
        <line num="39" count="23" type="stmt"/>
        <line num="40" count="23" type="stmt"/>
        <line num="41" count="23" type="stmt"/>
        <line num="42" count="23" type="stmt"/>
        <line num="43" count="23" type="stmt"/>
        <line num="44" count="23" type="stmt"/>
        <line num="51" count="35" type="cond" truecount="1" falsecount="1"/>
        <line num="52" count="35" type="stmt"/>
        <line num="59" count="18" type="stmt"/>
        <line num="66" count="130" type="cond" truecount="2" falsecount="0"/>
        <line num="67" count="106" type="stmt"/>
        <line num="68" count="106" type="stmt"/>
        <line num="77" count="5" type="stmt"/>
        <line num="78" count="5" type="stmt"/>
        <line num="91" count="7" type="cond" truecount="2" falsecount="0"/>
        <line num="92" count="6" type="stmt"/>
        <line num="94" count="7" type="stmt"/>
        <line num="96" count="7" type="stmt"/>
        <line num="97" count="1" type="stmt"/>
        <line num="98" count="1" type="cond" truecount="1" falsecount="1"/>
        <line num="99" count="1" type="stmt"/>
        <line num="108" count="5" type="stmt"/>
        <line num="109" count="5" type="cond" truecount="1" falsecount="1"/>
        <line num="110" count="5" type="stmt"/>
        <line num="119" count="37" type="cond" truecount="2" falsecount="0"/>
        <line num="120" count="1" type="stmt"/>
        <line num="123" count="36" type="stmt"/>
        <line num="124" count="36" type="cond" truecount="2" falsecount="0"/>
        <line num="125" count="1" type="stmt"/>
        <line num="126" count="1" type="stmt"/>
        <line num="129" count="35" type="stmt"/>
        <line num="130" count="35" type="stmt"/>
        <line num="132" count="35" type="stmt"/>
        <line num="133" count="35" type="stmt"/>
        <line num="135" count="35" type="stmt"/>
        <line num="136" count="35" type="stmt"/>
        <line num="137" count="35" type="stmt"/>
        <line num="138" count="35" type="stmt"/>
        <line num="146" count="26" type="stmt"/>
        <line num="147" count="26" type="stmt"/>
        <line num="149" count="26" type="cond" truecount="2" falsecount="0"/>
        <line num="150" count="19" type="stmt"/>
        <line num="151" count="19" type="stmt"/>
        <line num="154" count="26" type="stmt"/>
        <line num="161" count="1" type="stmt"/>
        <line num="162" count="1" type="stmt"/>
        <line num="163" count="1" type="stmt"/>
        <line num="164" count="1" type="stmt"/>
        <line num="171" count="32" type="stmt"/>
        <line num="172" count="32" type="stmt"/>
        <line num="179" count="35" type="stmt"/>
        <line num="182" count="35" type="cond" truecount="2" falsecount="0"/>
        <line num="183" count="1" type="stmt"/>
        <line num="184" count="1" type="stmt"/>
        <line num="185" count="1" type="stmt"/>
        <line num="186" count="1" type="stmt"/>
        <line num="189" count="34" type="stmt"/>
        <line num="192" count="34" type="cond" truecount="2" falsecount="0"/>
        <line num="193" count="19" type="stmt"/>
        <line num="197" count="15" type="stmt"/>
        <line num="204" count="1" type="stmt"/>
        <line num="211" count="6" type="stmt"/>
        <line num="212" count="6" type="stmt"/>
        <line num="213" count="6" type="stmt"/>
        <line num="223" count="15" type="stmt"/>
        <line num="225" count="15" type="stmt"/>
        <line num="230" count="15" type="stmt"/>
        <line num="232" count="15" type="stmt"/>
        <line num="233" count="14" type="stmt"/>
        <line num="241" count="41" type="cond" truecount="2" falsecount="0"/>
        <line num="242" count="15" type="stmt"/>
        <line num="243" count="15" type="stmt"/>
        <line num="249" count="1" type="stmt"/>
      </file>
    </package>
    <package name="auth">
      <metrics statements="10" coveredstatements="7" conditionals="0" coveredconditionals="0" methods="4" coveredmethods="3"/>
      <file name="storage.ts" path="/Users/artemkuznecov/repos/gitlab_queue/frontend/src/auth/storage.ts">
        <metrics statements="10" coveredstatements="7" conditionals="0" coveredconditionals="0" methods="4" coveredmethods="3"/>
        <line num="10" count="1" type="stmt"/>
        <line num="13" count="36" type="stmt"/>
        <line num="14" count="36" type="stmt"/>
        <line num="17" count="0" type="stmt"/>
        <line num="22" count="20" type="stmt"/>
        <line num="23" count="20" type="stmt"/>
        <line num="26" count="0" type="stmt"/>
        <line num="31" count="1" type="stmt"/>
        <line num="32" count="1" type="stmt"/>
        <line num="39" count="0" type="stmt"/>
      </file>
    </package>
  </project>
</coverage>
