{"/Users/artemkuznecov/repos/gitlab_queue/frontend/src/api/analytics.ts": {"path":"/Users/artemkuznecov/repos/gitlab_queue/frontend/src/api/analytics.ts","statementMap":{"0":{"start":{"line":62,"column":37},"end":{"line":62,"column":null}},"1":{"start":{"line":63,"column":8},"end":{"line":63,"column":null}},"2":{"start":{"line":64,"column":2},"end":{"line":64,"column":null}},"3":{"start":{"line":89,"column":37},"end":{"line":89,"column":null}},"4":{"start":{"line":90,"column":8},"end":{"line":90,"column":null}},"5":{"start":{"line":91,"column":2},"end":{"line":91,"column":null}},"6":{"start":{"line":119,"column":37},"end":{"line":119,"column":null}},"7":{"start":{"line":120,"column":8},"end":{"line":120,"column":null}},"8":{"start":{"line":121,"column":2},"end":{"line":121,"column":null}},"9":{"start":{"line":147,"column":37},"end":{"line":147,"column":null}},"10":{"start":{"line":148,"column":8},"end":{"line":148,"column":null}},"11":{"start":{"line":149,"column":2},"end":{"line":149,"column":null}}},"fnMap":{"0":{"name":"getSummary","decl":{"start":{"line":59,"column":22},"end":{"line":59,"column":null}},"loc":{"start":{"line":61,"column":40},"end":{"line":65,"column":null}},"line":61},"1":{"name":"getHourly","decl":{"start":{"line":86,"column":22},"end":{"line":86,"column":null}},"loc":{"start":{"line":88,"column":47},"end":{"line":92,"column":null}},"line":88},"2":{"name":"getOutcomes","decl":{"start":{"line":116,"column":22},"end":{"line":116,"column":null}},"loc":{"start":{"line":118,"column":40},"end":{"line":122,"column":null}},"line":118},"3":{"name":"getFailureReasons","decl":{"start":{"line":144,"column":22},"end":{"line":144,"column":null}},"loc":{"start":{"line":146,"column":46},"end":{"line":150,"column":null}},"line":146}},"branchMap":{"0":{"loc":{"start":{"line":60,"column":2},"end":{"line":60,"column":null}},"type":"default-arg","locations":[{"start":{"line":60,"column":28},"end":{"line":60,"column":null}}],"line":60},"1":{"loc":{"start":{"line":87,"column":2},"end":{"line":87,"column":null}},"type":"default-arg","locations":[{"start":{"line":87,"column":25},"end":{"line":87,"column":null}}],"line":87},"2":{"loc":{"start":{"line":117,"column":2},"end":{"line":117,"column":null}},"type":"default-arg","locations":[{"start":{"line":117,"column":28},"end":{"line":117,"column":null}}],"line":117},"3":{"loc":{"start":{"line":145,"column":2},"end":{"line":145,"column":null}},"type":"default-arg","locations":[{"start":{"line":145,"column":28},"end":{"line":145,"column":null}}],"line":145}},"s":{"0":2,"1":2,"2":2,"3":3,"4":3,"5":3,"6":2,"7":2,"8":2,"9":2,"10":2,"11":2},"f":{"0":2,"1":3,"2":2,"3":2},"b":{"0":[2],"1":[3],"2":[2],"3":[2]},"meta":{"lastBranch":4,"lastFunction":4,"lastStatement":12,"seen":{"f:59:22:59:Infinity":0,"b:60:28:60:Infinity":0,"s:62:37:62:Infinity":0,"s:63:8:63:Infinity":1,"s:64:2:64:Infinity":2,"f:86:22:86:Infinity":1,"b:87:25:87:Infinity":1,"s:89:37:89:Infinity":3,"s:90:8:90:Infinity":4,"s:91:2:91:Infinity":5,"f:116:22:116:Infinity":2,"b:117:28:117:Infinity":2,"s:119:37:119:Infinity":6,"s:120:8:120:Infinity":7,"s:121:2:121:Infinity":8,"f:144:22:144:Infinity":3,"b:145:28:145:Infinity":3,"s:147:37:147:Infinity":9,"s:148:8:148:Infinity":10,"s:149:2:149:Infinity":11}}}
,"/Users/artemkuznecov/repos/gitlab_queue/frontend/src/api/client.ts": {"path":"/Users/artemkuznecov/repos/gitlab_queue/frontend/src/api/client.ts","statementMap":{"0":{"start":{"line":15,"column":17},"end":{"line":15,"column":null}},"1":{"start":{"line":21,"column":2},"end":{"line":23,"column":null}},"2":{"start":{"line":22,"column":4},"end":{"line":22,"column":null}},"3":{"start":{"line":24,"column":2},"end":{"line":26,"column":null}},"4":{"start":{"line":25,"column":4},"end":{"line":25,"column":null}},"5":{"start":{"line":27,"column":2},"end":{"line":29,"column":null}},"6":{"start":{"line":28,"column":4},"end":{"line":28,"column":null}},"7":{"start":{"line":30,"column":2},"end":{"line":30,"column":null}},"8":{"start":{"line":60,"column":8},"end":{"line":60,"column":null}},"9":{"start":{"line":62,"column":31},"end":{"line":65,"column":null}},"10":{"start":{"line":67,"column":2},"end":{"line":69,"column":null}},"11":{"start":{"line":68,"column":5},"end":{"line":68,"column":null}},"12":{"start":{"line":71,"column":2},"end":{"line":114,"column":null}},"13":{"start":{"line":72,"column":21},"end":{"line":75,"column":null}},"14":{"start":{"line":78,"column":4},"end":{"line":85,"column":null}},"15":{"start":{"line":79,"column":6},"end":{"line":79,"column":null}},"16":{"start":{"line":80,"column":6},"end":{"line":80,"column":null}},"17":{"start":{"line":81,"column":6},"end":{"line":84,"column":null}},"18":{"start":{"line":87,"column":4},"end":{"line":94,"column":null}},"19":{"start":{"line":88,"column":24},"end":{"line":88,"column":null}},"20":{"start":{"line":88,"column":59},"end":{"line":88,"column":87}},"21":{"start":{"line":89,"column":22},"end":{"line":89,"column":null}},"22":{"start":{"line":90,"column":6},"end":{"line":93,"column":null}},"23":{"start":{"line":96,"column":20},"end":{"line":96,"column":null}},"24":{"start":{"line":97,"column":4},"end":{"line":97,"column":null}},"25":{"start":{"line":100,"column":4},"end":{"line":105,"column":null}},"26":{"start":{"line":101,"column":6},"end":{"line":104,"column":null}},"27":{"start":{"line":107,"column":4},"end":{"line":113,"column":null}},"28":{"start":{"line":136,"column":14},"end":{"line":136,"column":null}},"29":{"start":{"line":138,"column":2},"end":{"line":142,"column":null}},"30":{"start":{"line":139,"column":4},"end":{"line":141,"column":null}},"31":{"start":{"line":140,"column":6},"end":{"line":140,"column":null}},"32":{"start":{"line":144,"column":2},"end":{"line":144,"column":null}}},"fnMap":{"0":{"name":"mapStatusToError","decl":{"start":{"line":20,"column":9},"end":{"line":20,"column":26}},"loc":{"start":{"line":20,"column":68},"end":{"line":31,"column":null}},"line":20},"1":{"name":"apiFetch","decl":{"start":{"line":56,"column":22},"end":{"line":56,"column":null}},"loc":{"start":{"line":59,"column":25},"end":{"line":115,"column":null}},"line":59},"2":{"name":"(anonymous_2)","decl":{"start":{"line":88,"column":52},"end":{"line":88,"column":59}},"loc":{"start":{"line":88,"column":59},"end":{"line":88,"column":87}},"line":88},"3":{"name":"buildUrl","decl":{"start":{"line":132,"column":16},"end":{"line":132,"column":null}},"loc":{"start":{"line":135,"column":10},"end":{"line":145,"column":null}},"line":135},"4":{"name":"(anonymous_4)","decl":{"start":{"line":138,"column":33},"end":{"line":138,"column":34}},"loc":{"start":{"line":138,"column":51},"end":{"line":142,"column":3}},"line":138}},"branchMap":{"0":{"loc":{"start":{"line":21,"column":2},"end":{"line":23,"column":null}},"type":"if","locations":[{"start":{"line":21,"column":2},"end":{"line":23,"column":null}},{"start":{},"end":{}}],"line":21},"1":{"loc":{"start":{"line":24,"column":2},"end":{"line":26,"column":null}},"type":"if","locations":[{"start":{"line":24,"column":2},"end":{"line":26,"column":null}},{"start":{},"end":{}}],"line":24},"2":{"loc":{"start":{"line":27,"column":2},"end":{"line":29,"column":null}},"type":"if","locations":[{"start":{"line":27,"column":2},"end":{"line":29,"column":null}},{"start":{},"end":{}}],"line":27},"3":{"loc":{"start":{"line":58,"column":2},"end":{"line":58,"column":null}},"type":"default-arg","locations":[{"start":{"line":58,"column":52},"end":{"line":58,"column":null}}],"line":58},"4":{"loc":{"start":{"line":67,"column":2},"end":{"line":69,"column":null}},"type":"if","locations":[{"start":{"line":67,"column":2},"end":{"line":69,"column":null}},{"start":{},"end":{}}],"line":67},"5":{"loc":{"start":{"line":78,"column":4},"end":{"line":85,"column":null}},"type":"if","locations":[{"start":{"line":78,"column":4},"end":{"line":85,"column":null}},{"start":{},"end":{}}],"line":78},"6":{"loc":{"start":{"line":87,"column":4},"end":{"line":94,"column":null}},"type":"if","locations":[{"start":{"line":87,"column":4},"end":{"line":94,"column":null}},{"start":{},"end":{}}],"line":87},"7":{"loc":{"start":{"line":89,"column":22},"end":{"line":89,"column":null}},"type":"binary-expr","locations":[{"start":{"line":89,"column":22},"end":{"line":89,"column":42}},{"start":{"line":89,"column":42},"end":{"line":89,"column":63}},{"start":{"line":89,"column":63},"end":{"line":89,"column":null}}],"line":89},"8":{"loc":{"start":{"line":100,"column":4},"end":{"line":105,"column":null}},"type":"if","locations":[{"start":{"line":100,"column":4},"end":{"line":105,"column":null}},{"start":{},"end":{}}],"line":100},"9":{"loc":{"start":{"line":100,"column":8},"end":{"line":100,"column":63}},"type":"binary-expr","locations":[{"start":{"line":100,"column":8},"end":{"line":100,"column":34}},{"start":{"line":100,"column":34},"end":{"line":100,"column":63}}],"line":100},"10":{"loc":{"start":{"line":111,"column":17},"end":{"line":111,"column":null}},"type":"cond-expr","locations":[{"start":{"line":111,"column":42},"end":{"line":111,"column":58}},{"start":{"line":111,"column":58},"end":{"line":111,"column":null}}],"line":111},"11":{"loc":{"start":{"line":139,"column":4},"end":{"line":141,"column":null}},"type":"if","locations":[{"start":{"line":139,"column":4},"end":{"line":141,"column":null}},{"start":{},"end":{}}],"line":139},"12":{"loc":{"start":{"line":139,"column":8},"end":{"line":139,"column":47}},"type":"binary-expr","locations":[{"start":{"line":139,"column":8},"end":{"line":139,"column":31}},{"start":{"line":139,"column":31},"end":{"line":139,"column":47}}],"line":139}},"s":{"0":4,"1":13,"2":0,"3":13,"4":2,"5":11,"6":1,"7":10,"8":37,"9":37,"10":37,"11":25,"12":37,"13":37,"14":35,"15":1,"16":1,"17":1,"18":34,"19":13,"20":0,"21":13,"22":13,"23":21,"24":21,"25":2,"26":1,"27":1,"28":22,"29":22,"30":21,"31":19,"32":22},"f":{"0":13,"1":37,"2":0,"3":22,"4":21},"b":{"0":[0,13],"1":[2,11],"2":[1,10],"3":[37],"4":[25,12],"5":[1,34],"6":[13,21],"7":[13,2,1],"8":[1,1],"9":[2,2],"10":[1,0],"11":[19,2],"12":[21,20]},"meta":{"lastBranch":13,"lastFunction":5,"lastStatement":33,"seen":{"s:15:17:15:Infinity":0,"f:20:9:20:26":0,"b:21:2:23:Infinity:undefined:undefined:undefined:undefined":0,"s:21:2:23:Infinity":1,"s:22:4:22:Infinity":2,"b:24:2:26:Infinity:undefined:undefined:undefined:undefined":1,"s:24:2:26:Infinity":3,"s:25:4:25:Infinity":4,"b:27:2:29:Infinity:undefined:undefined:undefined:undefined":2,"s:27:2:29:Infinity":5,"s:28:4:28:Infinity":6,"s:30:2:30:Infinity":7,"f:56:22:56:Infinity":1,"b:58:52:58:Infinity":3,"s:60:8:60:Infinity":8,"s:62:31:65:Infinity":9,"b:67:2:69:Infinity:undefined:undefined:undefined:undefined":4,"s:67:2:69:Infinity":10,"s:68:5:68:Infinity":11,"s:71:2:114:Infinity":12,"s:72:21:75:Infinity":13,"b:78:4:85:Infinity:undefined:undefined:undefined:undefined":5,"s:78:4:85:Infinity":14,"s:79:6:79:Infinity":15,"s:80:6:80:Infinity":16,"s:81:6:84:Infinity":17,"b:87:4:94:Infinity:undefined:undefined:undefined:undefined":6,"s:87:4:94:Infinity":18,"s:88:24:88:Infinity":19,"f:88:52:88:59":2,"s:88:59:88:87":20,"s:89:22:89:Infinity":21,"b:89:22:89:42:89:42:89:63:89:63:89:Infinity":7,"s:90:6:93:Infinity":22,"s:96:20:96:Infinity":23,"s:97:4:97:Infinity":24,"b:100:4:105:Infinity:undefined:undefined:undefined:undefined":8,"s:100:4:105:Infinity":25,"b:100:8:100:34:100:34:100:63":9,"s:101:6:104:Infinity":26,"s:107:4:113:Infinity":27,"b:111:42:111:58:111:58:111:Infinity":10,"f:132:16:132:Infinity":3,"s:136:14:136:Infinity":28,"s:138:2:142:Infinity":29,"f:138:33:138:34":4,"b:139:4:141:Infinity:undefined:undefined:undefined:undefined":11,"s:139:4:141:Infinity":30,"b:139:8:139:31:139:31:139:47":12,"s:140:6:140:Infinity":31,"s:144:2:144:Infinity":32}}}
,"/Users/artemkuznecov/repos/gitlab_queue/frontend/src/api/health.ts": {"path":"/Users/artemkuznecov/repos/gitlab_queue/frontend/src/api/health.ts","statementMap":{"0":{"start":{"line":39,"column":19},"end":{"line":39,"column":null}},"1":{"start":{"line":40,"column":2},"end":{"line":40,"column":null}}},"fnMap":{"0":{"name":"getReadyStatus","decl":{"start":{"line":38,"column":22},"end":{"line":38,"column":63}},"loc":{"start":{"line":38,"column":63},"end":{"line":41,"column":null}},"line":38}},"branchMap":{},"s":{"0":7,"1":6},"f":{"0":7},"b":{},"meta":{"lastBranch":0,"lastFunction":1,"lastStatement":2,"seen":{"f:38:22:38:63":0,"s:39:19:39:Infinity":0,"s:40:2:40:Infinity":1}}}
,"/Users/artemkuznecov/repos/gitlab_queue/frontend/src/api/history.ts": {"path":"/Users/artemkuznecov/repos/gitlab_queue/frontend/src/api/history.ts","statementMap":{"0":{"start":{"line":59,"column":37},"end":{"line":59,"column":null}},"1":{"start":{"line":60,"column":8},"end":{"line":60,"column":null}},"2":{"start":{"line":61,"column":2},"end":{"line":61,"column":null}},"3":{"start":{"line":85,"column":2},"end":{"line":85,"column":null}}},"fnMap":{"0":{"name":"getHistory","decl":{"start":{"line":56,"column":22},"end":{"line":56,"column":null}},"loc":{"start":{"line":58,"column":48},"end":{"line":62,"column":null}},"line":58},"1":{"name":"getHistoryItem","decl":{"start":{"line":81,"column":22},"end":{"line":81,"column":null}},"loc":{"start":{"line":84,"column":36},"end":{"line":86,"column":null}},"line":84}},"branchMap":{"0":{"loc":{"start":{"line":57,"column":2},"end":{"line":57,"column":null}},"type":"default-arg","locations":[{"start":{"line":57,"column":29},"end":{"line":57,"column":null}}],"line":57}},"s":{"0":7,"1":7,"2":7,"3":2},"f":{"0":7,"1":2},"b":{"0":[7]},"meta":{"lastBranch":1,"lastFunction":2,"lastStatement":4,"seen":{"f:56:22:56:Infinity":0,"b:57:29:57:Infinity":0,"s:59:37:59:Infinity":0,"s:60:8:60:Infinity":1,"s:61:2:61:Infinity":2,"f:81:22:81:Infinity":1,"s:85:2:85:Infinity":3}}}
,"/Users/artemkuznecov/repos/gitlab_queue/frontend/src/api/queue.ts": {"path":"/Users/artemkuznecov/repos/gitlab_queue/frontend/src/api/queue.ts","statementMap":{"0":{"start":{"line":33,"column":2},"end":{"line":33,"column":null}},"1":{"start":{"line":57,"column":2},"end":{"line":57,"column":null}}},"fnMap":{"0":{"name":"getQueue","decl":{"start":{"line":32,"column":22},"end":{"line":32,"column":31}},"loc":{"start":{"line":32,"column":89},"end":{"line":34,"column":null}},"line":32},"1":{"name":"getQueueStats","decl":{"start":{"line":56,"column":22},"end":{"line":56,"column":36}},"loc":{"start":{"line":56,"column":90},"end":{"line":58,"column":null}},"line":56}},"branchMap":{},"s":{"0":3,"1":2},"f":{"0":3,"1":2},"b":{},"meta":{"lastBranch":0,"lastFunction":2,"lastStatement":2,"seen":{"f:32:22:32:31":0,"s:33:2:33:Infinity":0,"f:56:22:56:36":1,"s:57:2:57:Infinity":1}}}
,"/Users/artemkuznecov/repos/gitlab_queue/frontend/src/auth/api.ts": {"path":"/Users/artemkuznecov/repos/gitlab_queue/frontend/src/auth/api.ts","statementMap":{"0":{"start":{"line":4,"column":17},"end":{"line":4,"column":null}},"1":{"start":{"line":11,"column":2},"end":{"line":11,"column":null}},"2":{"start":{"line":22,"column":2},"end":{"line":51,"column":null}},"3":{"start":{"line":23,"column":21},"end":{"line":29,"column":null}},"4":{"start":{"line":31,"column":4},"end":{"line":37,"column":null}},"5":{"start":{"line":32,"column":24},"end":{"line":32,"column":null}},"6":{"start":{"line":32,"column":59},"end":{"line":32,"column":87}},"7":{"start":{"line":33,"column":6},"end":{"line":36,"column":null}},"8":{"start":{"line":39,"column":31},"end":{"line":39,"column":null}},"9":{"start":{"line":40,"column":4},"end":{"line":40,"column":null}},"10":{"start":{"line":42,"column":4},"end":{"line":42,"column":null}},"11":{"start":{"line":44,"column":4},"end":{"line":50,"column":null}},"12":{"start":{"line":61,"column":8},"end":{"line":61,"column":null}},"13":{"start":{"line":63,"column":2},"end":{"line":68,"column":null}},"14":{"start":{"line":64,"column":4},"end":{"line":67,"column":null}},"15":{"start":{"line":70,"column":2},"end":{"line":101,"column":null}},"16":{"start":{"line":71,"column":21},"end":{"line":76,"column":null}},"17":{"start":{"line":78,"column":4},"end":{"line":89,"column":null}},"18":{"start":{"line":80,"column":6},"end":{"line":82,"column":null}},"19":{"start":{"line":81,"column":8},"end":{"line":81,"column":null}},"20":{"start":{"line":84,"column":24},"end":{"line":84,"column":null}},"21":{"start":{"line":84,"column":59},"end":{"line":84,"column":87}},"22":{"start":{"line":85,"column":6},"end":{"line":88,"column":null}},"23":{"start":{"line":91,"column":23},"end":{"line":91,"column":null}},"24":{"start":{"line":92,"column":4},"end":{"line":92,"column":null}},"25":{"start":{"line":94,"column":4},"end":{"line":100,"column":null}},"26":{"start":{"line":109,"column":8},"end":{"line":109,"column":null}},"27":{"start":{"line":112,"column":2},"end":{"line":112,"column":null}},"28":{"start":{"line":115,"column":2},"end":{"line":124,"column":null}},"29":{"start":{"line":116,"column":4},"end":{"line":123,"column":null}},"30":{"start":{"line":132,"column":8},"end":{"line":132,"column":null}},"31":{"start":{"line":133,"column":2},"end":{"line":133,"column":null}},"32":{"start":{"line":138,"column":50},"end":{"line":144,"column":null}},"33":{"start":{"line":146,"column":2},"end":{"line":149,"column":null}}},"fnMap":{"0":{"name":"redirectToLogin","decl":{"start":{"line":10,"column":16},"end":{"line":10,"column":40}},"loc":{"start":{"line":10,"column":40},"end":{"line":12,"column":null}},"line":10},"1":{"name":"handleCallback","decl":{"start":{"line":18,"column":22},"end":{"line":18,"column":null}},"loc":{"start":{"line":21,"column":81},"end":{"line":52,"column":null}},"line":21},"2":{"name":"(anonymous_2)","decl":{"start":{"line":32,"column":52},"end":{"line":32,"column":59}},"loc":{"start":{"line":32,"column":59},"end":{"line":32,"column":87}},"line":32},"3":{"name":"getCurrentUser","decl":{"start":{"line":58,"column":22},"end":{"line":58,"column":null}},"loc":{"start":{"line":60,"column":2},"end":{"line":102,"column":null}},"line":60},"4":{"name":"(anonymous_4)","decl":{"start":{"line":84,"column":52},"end":{"line":84,"column":59}},"loc":{"start":{"line":84,"column":59},"end":{"line":84,"column":87}},"line":84},"5":{"name":"logout","decl":{"start":{"line":108,"column":22},"end":{"line":108,"column":46}},"loc":{"start":{"line":108,"column":46},"end":{"line":125,"column":null}},"line":108},"6":{"name":"(anonymous_6)","decl":{"start":{"line":121,"column":13},"end":{"line":121,"column":19}},"loc":{"start":{"line":121,"column":19},"end":{"line":123,"column":5}},"line":121},"7":{"name":"getAuthHeader","decl":{"start":{"line":131,"column":16},"end":{"line":131,"column":66}},"loc":{"start":{"line":131,"column":66},"end":{"line":134,"column":null}},"line":131},"8":{"name":"mapErrorResponse","decl":{"start":{"line":137,"column":9},"end":{"line":137,"column":26}},"loc":{"start":{"line":137,"column":69},"end":{"line":150,"column":null}},"line":137}},"branchMap":{"0":{"loc":{"start":{"line":31,"column":4},"end":{"line":37,"column":null}},"type":"if","locations":[{"start":{"line":31,"column":4},"end":{"line":37,"column":null}},{"start":{},"end":{}}],"line":31},"1":{"loc":{"start":{"line":48,"column":17},"end":{"line":48,"column":null}},"type":"cond-expr","locations":[{"start":{"line":48,"column":42},"end":{"line":48,"column":58}},{"start":{"line":48,"column":58},"end":{"line":48,"column":null}}],"line":48},"2":{"loc":{"start":{"line":63,"column":2},"end":{"line":68,"column":null}},"type":"if","locations":[{"start":{"line":63,"column":2},"end":{"line":68,"column":null}},{"start":{},"end":{}}],"line":63},"3":{"loc":{"start":{"line":78,"column":4},"end":{"line":89,"column":null}},"type":"if","locations":[{"start":{"line":78,"column":4},"end":{"line":89,"column":null}},{"start":{},"end":{}}],"line":78},"4":{"loc":{"start":{"line":80,"column":6},"end":{"line":82,"column":null}},"type":"if","locations":[{"start":{"line":80,"column":6},"end":{"line":82,"column":null}},{"start":{},"end":{}}],"line":80},"5":{"loc":{"start":{"line":98,"column":17},"end":{"line":98,"column":null}},"type":"cond-expr","locations":[{"start":{"line":98,"column":42},"end":{"line":98,"column":58}},{"start":{"line":98,"column":58},"end":{"line":98,"column":null}}],"line":98},"6":{"loc":{"start":{"line":115,"column":2},"end":{"line":124,"column":null}},"type":"if","locations":[{"start":{"line":115,"column":2},"end":{"line":124,"column":null}},{"start":{},"end":{}}],"line":115},"7":{"loc":{"start":{"line":133,"column":9},"end":{"line":133,"column":null}},"type":"cond-expr","locations":[{"start":{"line":133,"column":17},"end":{"line":133,"column":56}},{"start":{"line":133,"column":56},"end":{"line":133,"column":null}}],"line":133},"8":{"loc":{"start":{"line":139,"column":9},"end":{"line":139,"column":null}},"type":"cond-expr","locations":[{"start":{"line":139,"column":36},"end":{"line":139,"column":54}},{"start":{"line":139,"column":54},"end":{"line":139,"column":null}}],"line":139},"9":{"loc":{"start":{"line":147,"column":10},"end":{"line":147,"column":null}},"type":"binary-expr","locations":[{"start":{"line":147,"column":10},"end":{"line":147,"column":30}},{"start":{"line":147,"column":30},"end":{"line":147,"column":null}}],"line":147},"10":{"loc":{"start":{"line":148,"column":13},"end":{"line":148,"column":null}},"type":"binary-expr","locations":[{"start":{"line":148,"column":13},"end":{"line":148,"column":23}},{"start":{"line":148,"column":23},"end":{"line":148,"column":null}}],"line":148}},"s":{"0":1,"1":1,"2":5,"3":5,"4":4,"5":2,"6":0,"7":2,"8":2,"9":2,"10":2,"11":1,"12":5,"13":5,"14":1,"15":4,"16":4,"17":3,"18":2,"19":1,"20":2,"21":0,"22":2,"23":1,"24":1,"25":1,"26":3,"27":3,"28":3,"29":2,"30":2,"31":2,"32":4,"33":4},"f":{"0":1,"1":5,"2":0,"3":5,"4":0,"5":3,"6":1,"7":2,"8":4},"b":{"0":[2,2],"1":[1,0],"2":[1,4],"3":[2,1],"4":[1,1],"5":[1,0],"6":[2,1],"7":[1,1],"8":[1,3],"9":[4,0],"10":[4,0]},"meta":{"lastBranch":11,"lastFunction":9,"lastStatement":34,"seen":{"s:4:17:4:Infinity":0,"f:10:16:10:40":0,"s:11:2:11:Infinity":1,"f:18:22:18:Infinity":1,"s:22:2:51:Infinity":2,"s:23:21:29:Infinity":3,"b:31:4:37:Infinity:undefined:undefined:undefined:undefined":0,"s:31:4:37:Infinity":4,"s:32:24:32:Infinity":5,"f:32:52:32:59":2,"s:32:59:32:87":6,"s:33:6:36:Infinity":7,"s:39:31:39:Infinity":8,"s:40:4:40:Infinity":9,"s:42:4:42:Infinity":10,"s:44:4:50:Infinity":11,"b:48:42:48:58:48:58:48:Infinity":1,"f:58:22:58:Infinity":3,"s:61:8:61:Infinity":12,"b:63:2:68:Infinity:undefined:undefined:undefined:undefined":2,"s:63:2:68:Infinity":13,"s:64:4:67:Infinity":14,"s:70:2:101:Infinity":15,"s:71:21:76:Infinity":16,"b:78:4:89:Infinity:undefined:undefined:undefined:undefined":3,"s:78:4:89:Infinity":17,"b:80:6:82:Infinity:undefined:undefined:undefined:undefined":4,"s:80:6:82:Infinity":18,"s:81:8:81:Infinity":19,"s:84:24:84:Infinity":20,"f:84:52:84:59":4,"s:84:59:84:87":21,"s:85:6:88:Infinity":22,"s:91:23:91:Infinity":23,"s:92:4:92:Infinity":24,"s:94:4:100:Infinity":25,"b:98:42:98:58:98:58:98:Infinity":5,"f:108:22:108:46":5,"s:109:8:109:Infinity":26,"s:112:2:112:Infinity":27,"b:115:2:124:Infinity:undefined:undefined:undefined:undefined":6,"s:115:2:124:Infinity":28,"s:116:4:123:Infinity":29,"f:121:13:121:19":6,"f:131:16:131:66":7,"s:132:8:132:Infinity":30,"s:133:2:133:Infinity":31,"b:133:17:133:56:133:56:133:Infinity":7,"f:137:9:137:26":8,"s:138:50:144:Infinity":32,"b:139:36:139:54:139:54:139:Infinity":8,"s:146:2:149:Infinity":33,"b:147:10:147:30:147:30:147:Infinity":9,"b:148:13:148:23:148:23:148:Infinity":10}}}
,"/Users/artemkuznecov/repos/gitlab_queue/frontend/src/auth/storage.ts": {"path":"/Users/artemkuznecov/repos/gitlab_queue/frontend/src/auth/storage.ts","statementMap":{"0":{"start":{"line":10,"column":18},"end":{"line":10,"column":null}},"1":{"start":{"line":13,"column":2},"end":{"line":18,"column":null}},"2":{"start":{"line":14,"column":4},"end":{"line":14,"column":null}},"3":{"start":{"line":17,"column":4},"end":{"line":17,"column":null}},"4":{"start":{"line":22,"column":2},"end":{"line":27,"column":null}},"5":{"start":{"line":23,"column":4},"end":{"line":23,"column":null}},"6":{"start":{"line":26,"column":4},"end":{"line":26,"column":null}},"7":{"start":{"line":31,"column":2},"end":{"line":35,"column":null}},"8":{"start":{"line":32,"column":4},"end":{"line":32,"column":null}},"9":{"start":{"line":39,"column":2},"end":{"line":39,"column":null}}},"fnMap":{"0":{"name":"getToken","decl":{"start":{"line":12,"column":16},"end":{"line":12,"column":42}},"loc":{"start":{"line":12,"column":42},"end":{"line":19,"column":null}},"line":12},"1":{"name":"setToken","decl":{"start":{"line":21,"column":16},"end":{"line":21,"column":25}},"loc":{"start":{"line":21,"column":46},"end":{"line":28,"column":null}},"line":21},"2":{"name":"clearToken","decl":{"start":{"line":30,"column":16},"end":{"line":30,"column":35}},"loc":{"start":{"line":30,"column":35},"end":{"line":36,"column":null}},"line":30},"3":{"name":"hasToken","decl":{"start":{"line":38,"column":16},"end":{"line":38,"column":36}},"loc":{"start":{"line":38,"column":36},"end":{"line":40,"column":null}},"line":38}},"branchMap":{},"s":{"0":7,"1":61,"2":61,"3":0,"4":38,"5":38,"6":0,"7":7,"8":7,"9":12},"f":{"0":61,"1":38,"2":7,"3":12},"b":{},"meta":{"lastBranch":0,"lastFunction":4,"lastStatement":10,"seen":{"s:10:18:10:Infinity":0,"f:12:16:12:42":0,"s:13:2:18:Infinity":1,"s:14:4:14:Infinity":2,"s:17:4:17:Infinity":3,"f:21:16:21:25":1,"s:22:2:27:Infinity":4,"s:23:4:23:Infinity":5,"s:26:4:26:Infinity":6,"f:30:16:30:35":2,"s:31:2:35:Infinity":7,"s:32:4:32:Infinity":8,"f:38:16:38:36":3,"s:39:2:39:Infinity":9}}}
,"/Users/artemkuznecov/repos/gitlab_queue/frontend/src/hooks/useDarkMode.ts": {"path":"/Users/artemkuznecov/repos/gitlab_queue/frontend/src/hooks/useDarkMode.ts","statementMap":{"0":{"start":{"line":3,"column":20},"end":{"line":3,"column":null}},"1":{"start":{"line":4,"column":19},"end":{"line":4,"column":null}},"2":{"start":{"line":16,"column":2},"end":{"line":16,"column":null}},"3":{"start":{"line":16,"column":37},"end":{"line":16,"column":null}},"4":{"start":{"line":17,"column":2},"end":{"line":17,"column":null}},"5":{"start":{"line":21,"column":2},"end":{"line":21,"column":null}},"6":{"start":{"line":21,"column":37},"end":{"line":21,"column":null}},"7":{"start":{"line":22,"column":17},"end":{"line":22,"column":null}},"8":{"start":{"line":23,"column":2},"end":{"line":25,"column":null}},"9":{"start":{"line":24,"column":4},"end":{"line":24,"column":null}},"10":{"start":{"line":26,"column":2},"end":{"line":26,"column":null}},"11":{"start":{"line":30,"column":2},"end":{"line":34,"column":null}},"12":{"start":{"line":31,"column":4},"end":{"line":31,"column":null}},"13":{"start":{"line":33,"column":4},"end":{"line":33,"column":null}},"14":{"start":{"line":38,"column":29},"end":{"line":41,"column":null}},"15":{"start":{"line":39,"column":19},"end":{"line":39,"column":null}},"16":{"start":{"line":40,"column":4},"end":{"line":40,"column":null}},"17":{"start":{"line":43,"column":46},"end":{"line":43,"column":null}},"18":{"start":{"line":45,"column":17},"end":{"line":45,"column":null}},"19":{"start":{"line":48,"column":2},"end":{"line":50,"column":null}},"20":{"start":{"line":49,"column":4},"end":{"line":49,"column":null}},"21":{"start":{"line":53,"column":2},"end":{"line":62,"column":null}},"22":{"start":{"line":54,"column":23},"end":{"line":54,"column":null}},"23":{"start":{"line":56,"column":25},"end":{"line":58,"column":null}},"24":{"start":{"line":57,"column":6},"end":{"line":57,"column":null}},"25":{"start":{"line":60,"column":4},"end":{"line":60,"column":null}},"26":{"start":{"line":61,"column":4},"end":{"line":61,"column":null}},"27":{"start":{"line":61,"column":17},"end":{"line":61,"column":null}},"28":{"start":{"line":64,"column":8},"end":{"line":67,"column":null}},"29":{"start":{"line":65,"column":4},"end":{"line":65,"column":null}},"30":{"start":{"line":66,"column":4},"end":{"line":66,"column":null}},"31":{"start":{"line":69,"column":8},"end":{"line":74,"column":null}},"32":{"start":{"line":72,"column":21},"end":{"line":72,"column":null}},"33":{"start":{"line":73,"column":4},"end":{"line":73,"column":null}},"34":{"start":{"line":76,"column":2},"end":{"line":76,"column":null}}},"fnMap":{"0":{"name":"getSystemPreference","decl":{"start":{"line":15,"column":9},"end":{"line":15,"column":40}},"loc":{"start":{"line":15,"column":40},"end":{"line":18,"column":null}},"line":15},"1":{"name":"getStoredTheme","decl":{"start":{"line":20,"column":9},"end":{"line":20,"column":40}},"loc":{"start":{"line":20,"column":40},"end":{"line":27,"column":null}},"line":20},"2":{"name":"applyTheme","decl":{"start":{"line":29,"column":9},"end":{"line":29,"column":20}},"loc":{"start":{"line":29,"column":43},"end":{"line":35,"column":null}},"line":29},"3":{"name":"useDarkMode","decl":{"start":{"line":37,"column":16},"end":{"line":37,"column":49}},"loc":{"start":{"line":37,"column":49},"end":{"line":77,"column":null}},"line":37},"4":{"name":"(anonymous_4)","decl":{"start":{"line":38,"column":49},"end":{"line":38,"column":55}},"loc":{"start":{"line":38,"column":55},"end":{"line":41,"column":3}},"line":38},"5":{"name":"(anonymous_5)","decl":{"start":{"line":48,"column":12},"end":{"line":48,"column":18}},"loc":{"start":{"line":48,"column":18},"end":{"line":50,"column":5}},"line":48},"6":{"name":"(anonymous_6)","decl":{"start":{"line":53,"column":12},"end":{"line":53,"column":18}},"loc":{"start":{"line":53,"column":18},"end":{"line":62,"column":5}},"line":53},"7":{"name":"(anonymous_7)","decl":{"start":{"line":56,"column":25},"end":{"line":56,"column":26}},"loc":{"start":{"line":56,"column":53},"end":{"line":58,"column":null}},"line":56},"8":{"name":"(anonymous_8)","decl":{"start":{"line":61,"column":11},"end":{"line":61,"column":17}},"loc":{"start":{"line":61,"column":17},"end":{"line":61,"column":null}},"line":61},"9":{"name":"(anonymous_9)","decl":{"start":{"line":64,"column":31},"end":{"line":64,"column":32}},"loc":{"start":{"line":64,"column":52},"end":{"line":67,"column":5}},"line":64},"10":{"name":"(anonymous_10)","decl":{"start":{"line":69,"column":34},"end":{"line":69,"column":40}},"loc":{"start":{"line":69,"column":40},"end":{"line":74,"column":5}},"line":69}},"branchMap":{"0":{"loc":{"start":{"line":16,"column":2},"end":{"line":16,"column":null}},"type":"if","locations":[{"start":{"line":16,"column":2},"end":{"line":16,"column":null}},{"start":{},"end":{}}],"line":16},"1":{"loc":{"start":{"line":21,"column":2},"end":{"line":21,"column":null}},"type":"if","locations":[{"start":{"line":21,"column":2},"end":{"line":21,"column":null}},{"start":{},"end":{}}],"line":21},"2":{"loc":{"start":{"line":23,"column":2},"end":{"line":25,"column":null}},"type":"if","locations":[{"start":{"line":23,"column":2},"end":{"line":25,"column":null}},{"start":{},"end":{}}],"line":23},"3":{"loc":{"start":{"line":23,"column":6},"end":{"line":23,"column":70}},"type":"binary-expr","locations":[{"start":{"line":23,"column":6},"end":{"line":23,"column":28}},{"start":{"line":23,"column":28},"end":{"line":23,"column":49}},{"start":{"line":23,"column":49},"end":{"line":23,"column":70}}],"line":23},"4":{"loc":{"start":{"line":30,"column":2},"end":{"line":34,"column":null}},"type":"if","locations":[{"start":{"line":30,"column":2},"end":{"line":34,"column":null}},{"start":{"line":32,"column":9},"end":{"line":34,"column":null}}],"line":30},"5":{"loc":{"start":{"line":40,"column":11},"end":{"line":40,"column":null}},"type":"binary-expr","locations":[{"start":{"line":40,"column":11},"end":{"line":40,"column":21}},{"start":{"line":40,"column":21},"end":{"line":40,"column":null}}],"line":40},"6":{"loc":{"start":{"line":45,"column":17},"end":{"line":45,"column":null}},"type":"cond-expr","locations":[{"start":{"line":45,"column":38},"end":{"line":45,"column":57}},{"start":{"line":45,"column":57},"end":{"line":45,"column":null}}],"line":45},"7":{"loc":{"start":{"line":72,"column":21},"end":{"line":72,"column":null}},"type":"cond-expr","locations":[{"start":{"line":72,"column":30},"end":{"line":72,"column":40}},{"start":{"line":72,"column":40},"end":{"line":72,"column":null}}],"line":72}},"s":{"0":1,"1":1,"2":14,"3":0,"4":14,"5":14,"6":0,"7":14,"8":14,"9":7,"10":7,"11":19,"12":9,"13":10,"14":20,"15":14,"16":14,"17":20,"18":20,"19":20,"20":19,"21":20,"22":14,"23":14,"24":1,"25":14,"26":14,"27":14,"28":20,"29":5,"30":5,"31":20,"32":3,"33":3,"34":20},"f":{"0":14,"1":14,"2":19,"3":20,"4":14,"5":19,"6":14,"7":1,"8":14,"9":5,"10":3},"b":{"0":[0,14],"1":[0,14],"2":[7,7],"3":[14,11,7],"4":[9,10],"5":[14,7],"6":[8,12],"7":[2,1]},"meta":{"lastBranch":8,"lastFunction":11,"lastStatement":35,"seen":{"s:3:20:3:Infinity":0,"s:4:19:4:Infinity":1,"f:15:9:15:40":0,"b:16:2:16:Infinity:undefined:undefined:undefined:undefined":0,"s:16:2:16:Infinity":2,"s:16:37:16:Infinity":3,"s:17:2:17:Infinity":4,"f:20:9:20:40":1,"b:21:2:21:Infinity:undefined:undefined:undefined:undefined":1,"s:21:2:21:Infinity":5,"s:21:37:21:Infinity":6,"s:22:17:22:Infinity":7,"b:23:2:25:Infinity:undefined:undefined:undefined:undefined":2,"s:23:2:25:Infinity":8,"b:23:6:23:28:23:28:23:49:23:49:23:70":3,"s:24:4:24:Infinity":9,"s:26:2:26:Infinity":10,"f:29:9:29:20":2,"b:30:2:34:Infinity:32:9:34:Infinity":4,"s:30:2:34:Infinity":11,"s:31:4:31:Infinity":12,"s:33:4:33:Infinity":13,"f:37:16:37:49":3,"s:38:29:41:Infinity":14,"f:38:49:38:55":4,"s:39:19:39:Infinity":15,"s:40:4:40:Infinity":16,"b:40:11:40:21:40:21:40:Infinity":5,"s:43:46:43:Infinity":17,"s:45:17:45:Infinity":18,"b:45:38:45:57:45:57:45:Infinity":6,"s:48:2:50:Infinity":19,"f:48:12:48:18":5,"s:49:4:49:Infinity":20,"s:53:2:62:Infinity":21,"f:53:12:53:18":6,"s:54:23:54:Infinity":22,"s:56:25:58:Infinity":23,"f:56:25:56:26":7,"s:57:6:57:Infinity":24,"s:60:4:60:Infinity":25,"s:61:4:61:Infinity":26,"f:61:11:61:17":8,"s:61:17:61:Infinity":27,"s:64:8:67:Infinity":28,"f:64:31:64:32":9,"s:65:4:65:Infinity":29,"s:66:4:66:Infinity":30,"s:69:8:74:Infinity":31,"f:69:34:69:40":10,"s:72:21:72:Infinity":32,"b:72:30:72:40:72:40:72:Infinity":7,"s:73:4:73:Infinity":33,"s:76:2:76:Infinity":34}}}
,"/Users/artemkuznecov/repos/gitlab_queue/frontend/src/hooks/useHealthCheck.ts": {"path":"/Users/artemkuznecov/repos/gitlab_queue/frontend/src/hooks/useHealthCheck.ts","statementMap":{"0":{"start":{"line":28,"column":26},"end":{"line":28,"column":null}},"1":{"start":{"line":29,"column":32},"end":{"line":29,"column":null}},"2":{"start":{"line":30,"column":24},"end":{"line":30,"column":null}},"3":{"start":{"line":32,"column":8},"end":{"line":43,"column":null}},"4":{"start":{"line":33,"column":4},"end":{"line":42,"column":null}},"5":{"start":{"line":34,"column":19},"end":{"line":34,"column":null}},"6":{"start":{"line":35,"column":6},"end":{"line":35,"column":null}},"7":{"start":{"line":36,"column":6},"end":{"line":36,"column":null}},"8":{"start":{"line":38,"column":6},"end":{"line":38,"column":null}},"9":{"start":{"line":39,"column":6},"end":{"line":39,"column":null}},"10":{"start":{"line":41,"column":6},"end":{"line":41,"column":null}},"11":{"start":{"line":45,"column":2},"end":{"line":49,"column":null}},"12":{"start":{"line":46,"column":4},"end":{"line":46,"column":null}},"13":{"start":{"line":47,"column":21},"end":{"line":47,"column":null}},"14":{"start":{"line":48,"column":4},"end":{"line":48,"column":null}},"15":{"start":{"line":48,"column":17},"end":{"line":48,"column":null}},"16":{"start":{"line":51,"column":2},"end":{"line":58,"column":null}}},"fnMap":{"0":{"name":"useHealthCheck","decl":{"start":{"line":27,"column":16},"end":{"line":27,"column":55}},"loc":{"start":{"line":27,"column":55},"end":{"line":59,"column":null}},"line":27},"1":{"name":"(anonymous_1)","decl":{"start":{"line":32,"column":34},"end":{"line":32,"column":46}},"loc":{"start":{"line":32,"column":46},"end":{"line":43,"column":5}},"line":32},"2":{"name":"(anonymous_2)","decl":{"start":{"line":45,"column":12},"end":{"line":45,"column":18}},"loc":{"start":{"line":45,"column":18},"end":{"line":49,"column":5}},"line":45},"3":{"name":"(anonymous_3)","decl":{"start":{"line":48,"column":11},"end":{"line":48,"column":17}},"loc":{"start":{"line":48,"column":17},"end":{"line":48,"column":null}},"line":48}},"branchMap":{"0":{"loc":{"start":{"line":38,"column":15},"end":{"line":38,"column":76}},"type":"cond-expr","locations":[{"start":{"line":38,"column":38},"end":{"line":38,"column":44}},{"start":{"line":38,"column":44},"end":{"line":38,"column":76}}],"line":38},"1":{"loc":{"start":{"line":55,"column":15},"end":{"line":55,"column":null}},"type":"binary-expr","locations":[{"start":{"line":55,"column":15},"end":{"line":55,"column":32}},{"start":{"line":55,"column":32},"end":{"line":55,"column":null}}],"line":55},"2":{"loc":{"start":{"line":56,"column":10},"end":{"line":56,"column":null}},"type":"binary-expr","locations":[{"start":{"line":56,"column":10},"end":{"line":56,"column":26}},{"start":{"line":56,"column":26},"end":{"line":56,"column":null}}],"line":56}},"s":{"0":8,"1":8,"2":8,"3":8,"4":5,"5":5,"6":4,"7":4,"8":1,"9":1,"10":5,"11":8,"12":4,"13":4,"14":4,"15":4,"16":8},"f":{"0":8,"1":5,"2":4,"3":4},"b":{"0":[1,0],"1":[8,5],"2":[8,5]},"meta":{"lastBranch":3,"lastFunction":4,"lastStatement":17,"seen":{"f:27:16:27:55":0,"s:28:26:28:Infinity":0,"s:29:32:29:Infinity":1,"s:30:24:30:Infinity":2,"s:32:8:43:Infinity":3,"f:32:34:32:46":1,"s:33:4:42:Infinity":4,"s:34:19:34:Infinity":5,"s:35:6:35:Infinity":6,"s:36:6:36:Infinity":7,"s:38:6:38:Infinity":8,"b:38:38:38:44:38:44:38:76":0,"s:39:6:39:Infinity":9,"s:41:6:41:Infinity":10,"s:45:2:49:Infinity":11,"f:45:12:45:18":2,"s:46:4:46:Infinity":12,"s:47:21:47:Infinity":13,"s:48:4:48:Infinity":14,"f:48:11:48:17":3,"s:48:17:48:Infinity":15,"s:51:2:58:Infinity":16,"b:55:15:55:32:55:32:55:Infinity":1,"b:56:10:56:26:56:26:56:Infinity":2}}}
,"/Users/artemkuznecov/repos/gitlab_queue/frontend/src/hooks/useReducedMotion.ts": {"path":"/Users/artemkuznecov/repos/gitlab_queue/frontend/src/hooks/useReducedMotion.ts","statementMap":{"0":{"start":{"line":3,"column":14},"end":{"line":3,"column":null}},"1":{"start":{"line":6,"column":2},"end":{"line":6,"column":null}},"2":{"start":{"line":6,"column":37},"end":{"line":6,"column":null}},"3":{"start":{"line":7,"column":2},"end":{"line":7,"column":null}},"4":{"start":{"line":11,"column":54},"end":{"line":13,"column":null}},"5":{"start":{"line":15,"column":2},"end":{"line":24,"column":null}},"6":{"start":{"line":16,"column":23},"end":{"line":16,"column":null}},"7":{"start":{"line":18,"column":25},"end":{"line":20,"column":null}},"8":{"start":{"line":19,"column":6},"end":{"line":19,"column":null}},"9":{"start":{"line":22,"column":4},"end":{"line":22,"column":null}},"10":{"start":{"line":23,"column":4},"end":{"line":23,"column":null}},"11":{"start":{"line":23,"column":17},"end":{"line":23,"column":null}},"12":{"start":{"line":26,"column":2},"end":{"line":26,"column":null}}},"fnMap":{"0":{"name":"getReducedMotionPreference","decl":{"start":{"line":5,"column":9},"end":{"line":5,"column":47}},"loc":{"start":{"line":5,"column":47},"end":{"line":8,"column":null}},"line":5},"1":{"name":"useReducedMotion","decl":{"start":{"line":10,"column":16},"end":{"line":10,"column":44}},"loc":{"start":{"line":10,"column":44},"end":{"line":27,"column":null}},"line":10},"2":{"name":"(anonymous_2)","decl":{"start":{"line":15,"column":12},"end":{"line":15,"column":18}},"loc":{"start":{"line":15,"column":18},"end":{"line":24,"column":5}},"line":15},"3":{"name":"(anonymous_3)","decl":{"start":{"line":18,"column":25},"end":{"line":18,"column":26}},"loc":{"start":{"line":18,"column":53},"end":{"line":20,"column":null}},"line":18},"4":{"name":"(anonymous_4)","decl":{"start":{"line":23,"column":11},"end":{"line":23,"column":17}},"loc":{"start":{"line":23,"column":17},"end":{"line":23,"column":null}},"line":23}},"branchMap":{"0":{"loc":{"start":{"line":6,"column":2},"end":{"line":6,"column":null}},"type":"if","locations":[{"start":{"line":6,"column":2},"end":{"line":6,"column":null}},{"start":{},"end":{}}],"line":6}},"s":{"0":1,"1":5,"2":0,"3":5,"4":7,"5":7,"6":5,"7":5,"8":2,"9":5,"10":5,"11":5,"12":7},"f":{"0":5,"1":7,"2":5,"3":2,"4":5},"b":{"0":[0,5]},"meta":{"lastBranch":1,"lastFunction":5,"lastStatement":13,"seen":{"s:3:14:3:Infinity":0,"f:5:9:5:47":0,"b:6:2:6:Infinity:undefined:undefined:undefined:undefined":0,"s:6:2:6:Infinity":1,"s:6:37:6:Infinity":2,"s:7:2:7:Infinity":3,"f:10:16:10:44":1,"s:11:54:13:Infinity":4,"s:15:2:24:Infinity":5,"f:15:12:15:18":2,"s:16:23:16:Infinity":6,"s:18:25:20:Infinity":7,"f:18:25:18:26":3,"s:19:6:19:Infinity":8,"s:22:4:22:Infinity":9,"s:23:4:23:Infinity":10,"f:23:11:23:17":4,"s:23:17:23:Infinity":11,"s:26:2:26:Infinity":12}}}
,"/Users/artemkuznecov/repos/gitlab_queue/frontend/src/hooks/useWebSocket.ts": {"path":"/Users/artemkuznecov/repos/gitlab_queue/frontend/src/hooks/useWebSocket.ts","statementMap":{"0":{"start":{"line":43,"column":24},"end":{"line":43,"column":null}},"1":{"start":{"line":44,"column":24},"end":{"line":44,"column":null}},"2":{"start":{"line":45,"column":24},"end":{"line":45,"column":null}},"3":{"start":{"line":48,"column":8},"end":{"line":48,"column":null}},"4":{"start":{"line":51,"column":8},"end":{"line":59,"column":null}},"5":{"start":{"line":53,"column":6},"end":{"line":56,"column":null}},"6":{"start":{"line":54,"column":8},"end":{"line":54,"column":null}},"7":{"start":{"line":55,"column":8},"end":{"line":55,"column":null}},"8":{"start":{"line":62,"column":8},"end":{"line":75,"column":null}},"9":{"start":{"line":64,"column":6},"end":{"line":72,"column":null}},"10":{"start":{"line":65,"column":8},"end":{"line":71,"column":null}},"11":{"start":{"line":66,"column":10},"end":{"line":70,"column":null}},"12":{"start":{"line":67,"column":12},"end":{"line":69,"column":null}},"13":{"start":{"line":78,"column":8},"end":{"line":85,"column":null}},"14":{"start":{"line":80,"column":6},"end":{"line":82,"column":null}},"15":{"start":{"line":81,"column":8},"end":{"line":81,"column":null}},"16":{"start":{"line":81,"column":27},"end":{"line":81,"column":70}},"17":{"start":{"line":81,"column":47},"end":{"line":81,"column":69}},"18":{"start":{"line":88,"column":8},"end":{"line":90,"column":null}},"19":{"start":{"line":89,"column":4},"end":{"line":89,"column":null}},"20":{"start":{"line":92,"column":2},"end":{"line":121,"column":null}},"21":{"start":{"line":93,"column":4},"end":{"line":93,"column":null}},"22":{"start":{"line":96,"column":23},"end":{"line":100,"column":null}},"23":{"start":{"line":97,"column":6},"end":{"line":99,"column":null}},"24":{"start":{"line":98,"column":8},"end":{"line":98,"column":null}},"25":{"start":{"line":103,"column":30},"end":{"line":103,"column":null}},"26":{"start":{"line":104,"column":31},"end":{"line":104,"column":null}},"27":{"start":{"line":105,"column":27},"end":{"line":105,"column":null}},"28":{"start":{"line":108,"column":4},"end":{"line":110,"column":null}},"29":{"start":{"line":109,"column":6},"end":{"line":109,"column":null}},"30":{"start":{"line":112,"column":4},"end":{"line":120,"column":null}},"31":{"start":{"line":113,"column":6},"end":{"line":113,"column":null}},"32":{"start":{"line":114,"column":6},"end":{"line":114,"column":null}},"33":{"start":{"line":115,"column":6},"end":{"line":115,"column":null}},"34":{"start":{"line":116,"column":6},"end":{"line":116,"column":null}},"35":{"start":{"line":117,"column":6},"end":{"line":117,"column":null}},"36":{"start":{"line":123,"column":2},"end":{"line":128,"column":null}}},"fnMap":{"0":{"name":"useWebSocket","decl":{"start":{"line":42,"column":16},"end":{"line":42,"column":51}},"loc":{"start":{"line":42,"column":51},"end":{"line":129,"column":null}},"line":42},"1":{"name":"(anonymous_1)","decl":{"start":{"line":52,"column":4},"end":{"line":52,"column":5}},"loc":{"start":{"line":52,"column":66},"end":{"line":57,"column":null}},"line":52},"2":{"name":"(anonymous_2)","decl":{"start":{"line":63,"column":4},"end":{"line":63,"column":5}},"loc":{"start":{"line":63,"column":69},"end":{"line":73,"column":null}},"line":63},"3":{"name":"(anonymous_3)","decl":{"start":{"line":65,"column":17},"end":{"line":65,"column":18}},"loc":{"start":{"line":66,"column":10},"end":{"line":70,"column":null}},"line":66},"4":{"name":"(anonymous_4)","decl":{"start":{"line":66,"column":19},"end":{"line":66,"column":20}},"loc":{"start":{"line":67,"column":12},"end":{"line":69,"column":null}},"line":67},"5":{"name":"(anonymous_5)","decl":{"start":{"line":79,"column":4},"end":{"line":79,"column":5}},"loc":{"start":{"line":79,"column":97},"end":{"line":83,"column":null}},"line":79},"6":{"name":"(anonymous_6)","decl":{"start":{"line":81,"column":17},"end":{"line":81,"column":18}},"loc":{"start":{"line":81,"column":27},"end":{"line":81,"column":70}},"line":81},"7":{"name":"(anonymous_7)","decl":{"start":{"line":81,"column":39},"end":{"line":81,"column":40}},"loc":{"start":{"line":81,"column":47},"end":{"line":81,"column":69}},"line":81},"8":{"name":"(anonymous_8)","decl":{"start":{"line":88,"column":32},"end":{"line":88,"column":38}},"loc":{"start":{"line":88,"column":38},"end":{"line":90,"column":5}},"line":88},"9":{"name":"(anonymous_9)","decl":{"start":{"line":92,"column":12},"end":{"line":92,"column":18}},"loc":{"start":{"line":92,"column":18},"end":{"line":121,"column":5}},"line":92},"10":{"name":"(anonymous_10)","decl":{"start":{"line":96,"column":47},"end":{"line":96,"column":48}},"loc":{"start":{"line":96,"column":61},"end":{"line":100,"column":5}},"line":96},"11":{"name":"(anonymous_11)","decl":{"start":{"line":112,"column":11},"end":{"line":112,"column":17}},"loc":{"start":{"line":112,"column":17},"end":{"line":120,"column":null}},"line":112}},"branchMap":{"0":{"loc":{"start":{"line":53,"column":6},"end":{"line":56,"column":null}},"type":"if","locations":[{"start":{"line":53,"column":6},"end":{"line":56,"column":null}},{"start":{},"end":{}}],"line":53},"1":{"loc":{"start":{"line":64,"column":6},"end":{"line":72,"column":null}},"type":"if","locations":[{"start":{"line":64,"column":6},"end":{"line":72,"column":null}},{"start":{},"end":{}}],"line":64},"2":{"loc":{"start":{"line":67,"column":12},"end":{"line":69,"column":null}},"type":"cond-expr","locations":[{"start":{"line":68,"column":16},"end":{"line":68,"column":null}},{"start":{"line":69,"column":16},"end":{"line":69,"column":null}}],"line":67},"3":{"loc":{"start":{"line":80,"column":6},"end":{"line":82,"column":null}},"type":"if","locations":[{"start":{"line":80,"column":6},"end":{"line":82,"column":null}},{"start":{},"end":{}}],"line":80},"4":{"loc":{"start":{"line":97,"column":6},"end":{"line":99,"column":null}},"type":"if","locations":[{"start":{"line":97,"column":6},"end":{"line":99,"column":null}},{"start":{},"end":{}}],"line":97},"5":{"loc":{"start":{"line":108,"column":4},"end":{"line":110,"column":null}},"type":"if","locations":[{"start":{"line":108,"column":4},"end":{"line":110,"column":null}},{"start":{},"end":{}}],"line":108}},"s":{"0":19,"1":19,"2":19,"3":19,"4":19,"5":4,"6":4,"7":4,"8":19,"9":2,"10":2,"11":2,"12":2,"13":19,"14":1,"15":1,"16":1,"17":2,"18":19,"19":1,"20":19,"21":10,"22":10,"23":2,"24":2,"25":10,"26":10,"27":10,"28":10,"29":1,"30":10,"31":10,"32":10,"33":10,"34":10,"35":10,"36":19},"f":{"0":19,"1":4,"2":2,"3":2,"4":2,"5":1,"6":1,"7":2,"8":1,"9":10,"10":2,"11":10},"b":{"0":[4,0],"1":[2,0],"2":[1,1],"3":[1,0],"4":[2,0],"5":[1,9]},"meta":{"lastBranch":6,"lastFunction":12,"lastStatement":37,"seen":{"f:42:16:42:51":0,"s:43:24:43:Infinity":0,"s:44:24:44:Infinity":1,"s:45:24:45:Infinity":2,"s:48:8:48:Infinity":3,"s:51:8:59:Infinity":4,"f:52:4:52:5":1,"b:53:6:56:Infinity:undefined:undefined:undefined:undefined":0,"s:53:6:56:Infinity":5,"s:54:8:54:Infinity":6,"s:55:8:55:Infinity":7,"s:62:8:75:Infinity":8,"f:63:4:63:5":2,"b:64:6:72:Infinity:undefined:undefined:undefined:undefined":1,"s:64:6:72:Infinity":9,"s:65:8:71:Infinity":10,"f:65:17:65:18":3,"s:66:10:70:Infinity":11,"f:66:19:66:20":4,"s:67:12:69:Infinity":12,"b:68:16:68:Infinity:69:16:69:Infinity":2,"s:78:8:85:Infinity":13,"f:79:4:79:5":5,"b:80:6:82:Infinity:undefined:undefined:undefined:undefined":3,"s:80:6:82:Infinity":14,"s:81:8:81:Infinity":15,"f:81:17:81:18":6,"s:81:27:81:70":16,"f:81:39:81:40":7,"s:81:47:81:69":17,"s:88:8:90:Infinity":18,"f:88:32:88:38":8,"s:89:4:89:Infinity":19,"s:92:2:121:Infinity":20,"f:92:12:92:18":9,"s:93:4:93:Infinity":21,"s:96:23:100:Infinity":22,"f:96:47:96:48":10,"b:97:6:99:Infinity:undefined:undefined:undefined:undefined":4,"s:97:6:99:Infinity":23,"s:98:8:98:Infinity":24,"s:103:30:103:Infinity":25,"s:104:31:104:Infinity":26,"s:105:27:105:Infinity":27,"b:108:4:110:Infinity:undefined:undefined:undefined:undefined":5,"s:108:4:110:Infinity":28,"s:109:6:109:Infinity":29,"s:112:4:120:Infinity":30,"f:112:11:112:17":11,"s:113:6:113:Infinity":31,"s:114:6:114:Infinity":32,"s:115:6:115:Infinity":33,"s:116:6:116:Infinity":34,"s:117:6:117:Infinity":35,"s:123:2:128:Infinity":36}}}
}
