{"/Users/artemkuznecov/repos/gitlab_queue/frontend/src/api/websocket.ts": {"path":"/Users/artemkuznecov/repos/gitlab_queue/frontend/src/api/websocket.ts","statementMap":{"0":{"start":{"line":15,"column":36},"end":{"line":15,"column":null}},"1":{"start":{"line":18,"column":32},"end":{"line":18,"column":null}},"2":{"start":{"line":21,"column":28},"end":{"line":21,"column":null}},"3":{"start":{"line":38,"column":2},"end":{"line":38,"column":null}},"4":{"start":{"line":39,"column":2},"end":{"line":39,"column":null}},"5":{"start":{"line":40,"column":2},"end":{"line":40,"column":null}},"6":{"start":{"line":41,"column":2},"end":{"line":41,"column":null}},"7":{"start":{"line":42,"column":2},"end":{"line":42,"column":null}},"8":{"start":{"line":43,"column":2},"end":{"line":43,"column":null}},"9":{"start":{"line":44,"column":2},"end":{"line":44,"column":null}},"10":{"start":{"line":51,"column":23},"end":{"line":51,"column":null}},"11":{"start":{"line":52,"column":4},"end":{"line":52,"column":null}},"12":{"start":{"line":59,"column":4},"end":{"line":59,"column":null}},"13":{"start":{"line":66,"column":4},"end":{"line":69,"column":null}},"14":{"start":{"line":67,"column":6},"end":{"line":67,"column":null}},"15":{"start":{"line":68,"column":6},"end":{"line":68,"column":null}},"16":{"start":{"line":68,"column":48},"end":{"line":68,"column":66}},"17":{"start":{"line":77,"column":4},"end":{"line":77,"column":null}},"18":{"start":{"line":78,"column":4},"end":{"line":78,"column":null}},"19":{"start":{"line":78,"column":17},"end":{"line":78,"column":null}},"20":{"start":{"line":91,"column":4},"end":{"line":93,"column":null}},"21":{"start":{"line":92,"column":6},"end":{"line":92,"column":null}},"22":{"start":{"line":94,"column":4},"end":{"line":94,"column":null}},"23":{"start":{"line":96,"column":4},"end":{"line":101,"column":null}},"24":{"start":{"line":97,"column":24},"end":{"line":97,"column":null}},"25":{"start":{"line":98,"column":6},"end":{"line":100,"column":null}},"26":{"start":{"line":99,"column":8},"end":{"line":99,"column":null}},"27":{"start":{"line":108,"column":22},"end":{"line":108,"column":null}},"28":{"start":{"line":109,"column":4},"end":{"line":111,"column":null}},"29":{"start":{"line":110,"column":6},"end":{"line":110,"column":null}},"30":{"start":{"line":110,"column":38},"end":{"line":110,"column":58}},"31":{"start":{"line":119,"column":4},"end":{"line":121,"column":null}},"32":{"start":{"line":120,"column":6},"end":{"line":120,"column":null}},"33":{"start":{"line":123,"column":10},"end":{"line":123,"column":null}},"34":{"start":{"line":124,"column":4},"end":{"line":127,"column":null}},"35":{"start":{"line":125,"column":6},"end":{"line":125,"column":null}},"36":{"start":{"line":126,"column":6},"end":{"line":126,"column":null}},"37":{"start":{"line":129,"column":4},"end":{"line":129,"column":null}},"38":{"start":{"line":130,"column":4},"end":{"line":130,"column":null}},"39":{"start":{"line":132,"column":16},"end":{"line":132,"column":null}},"40":{"start":{"line":133,"column":4},"end":{"line":133,"column":null}},"41":{"start":{"line":135,"column":4},"end":{"line":135,"column":null}},"42":{"start":{"line":136,"column":4},"end":{"line":136,"column":null}},"43":{"start":{"line":137,"column":4},"end":{"line":137,"column":null}},"44":{"start":{"line":138,"column":4},"end":{"line":138,"column":null}},"45":{"start":{"line":146,"column":4},"end":{"line":146,"column":null}},"46":{"start":{"line":147,"column":4},"end":{"line":147,"column":null}},"47":{"start":{"line":149,"column":4},"end":{"line":152,"column":null}},"48":{"start":{"line":150,"column":6},"end":{"line":150,"column":null}},"49":{"start":{"line":151,"column":6},"end":{"line":151,"column":null}},"50":{"start":{"line":154,"column":4},"end":{"line":154,"column":null}},"51":{"start":{"line":161,"column":4},"end":{"line":161,"column":null}},"52":{"start":{"line":162,"column":4},"end":{"line":162,"column":null}},"53":{"start":{"line":163,"column":4},"end":{"line":163,"column":null}},"54":{"start":{"line":164,"column":4},"end":{"line":164,"column":null}},"55":{"start":{"line":171,"column":4},"end":{"line":171,"column":null}},"56":{"start":{"line":172,"column":4},"end":{"line":172,"column":null}},"57":{"start":{"line":179,"column":4},"end":{"line":179,"column":null}},"58":{"start":{"line":182,"column":4},"end":{"line":187,"column":null}},"59":{"start":{"line":183,"column":6},"end":{"line":183,"column":null}},"60":{"start":{"line":184,"column":6},"end":{"line":184,"column":null}},"61":{"start":{"line":185,"column":6},"end":{"line":185,"column":null}},"62":{"start":{"line":186,"column":6},"end":{"line":186,"column":null}},"63":{"start":{"line":189,"column":4},"end":{"line":189,"column":null}},"64":{"start":{"line":192,"column":4},"end":{"line":194,"column":null}},"65":{"start":{"line":193,"column":6},"end":{"line":193,"column":null}},"66":{"start":{"line":197,"column":4},"end":{"line":197,"column":null}},"67":{"start":{"line":204,"column":4},"end":{"line":204,"column":null}},"68":{"start":{"line":211,"column":4},"end":{"line":216,"column":null}},"69":{"start":{"line":212,"column":19},"end":{"line":212,"column":null}},"70":{"start":{"line":213,"column":6},"end":{"line":213,"column":null}},"71":{"start":{"line":223,"column":4},"end":{"line":223,"column":null}},"72":{"start":{"line":225,"column":18},"end":{"line":228,"column":null}},"73":{"start":{"line":230,"column":4},"end":{"line":230,"column":null}},"74":{"start":{"line":232,"column":4},"end":{"line":234,"column":null}},"75":{"start":{"line":233,"column":6},"end":{"line":233,"column":null}},"76":{"start":{"line":241,"column":4},"end":{"line":244,"column":null}},"77":{"start":{"line":242,"column":6},"end":{"line":242,"column":null}},"78":{"start":{"line":243,"column":6},"end":{"line":243,"column":null}},"79":{"start":{"line":249,"column":25},"end":{"line":249,"column":null}}},"fnMap":{"0":{"name":"(anonymous_0)","decl":{"start":{"line":37,"column":7},"end":{"line":37,"column":13}},"loc":{"start":{"line":37,"column":7},"end":{"line":44,"column":null}},"line":37},"1":{"name":"(anonymous_1)","decl":{"start":{"line":50,"column":10},"end":{"line":50,"column":29}},"loc":{"start":{"line":50,"column":29},"end":{"line":53,"column":null}},"line":50},"2":{"name":"(anonymous_2)","decl":{"start":{"line":58,"column":2},"end":{"line":58,"column":29}},"loc":{"start":{"line":58,"column":29},"end":{"line":60,"column":null}},"line":58},"3":{"name":"(anonymous_3)","decl":{"start":{"line":65,"column":10},"end":{"line":65,"column":19}},"loc":{"start":{"line":65,"column":51},"end":{"line":70,"column":null}},"line":65},"4":{"name":"(anonymous_4)","decl":{"start":{"line":68,"column":34},"end":{"line":68,"column":35}},"loc":{"start":{"line":68,"column":48},"end":{"line":68,"column":66}},"line":68},"5":{"name":"(anonymous_5)","decl":{"start":{"line":76,"column":2},"end":{"line":76,"column":16}},"loc":{"start":{"line":76,"column":59},"end":{"line":79,"column":null}},"line":76},"6":{"name":"(anonymous_6)","decl":{"start":{"line":78,"column":11},"end":{"line":78,"column":17}},"loc":{"start":{"line":78,"column":17},"end":{"line":78,"column":null}},"line":78},"7":{"name":"(anonymous_7)","decl":{"start":{"line":87,"column":2},"end":{"line":87,"column":null}},"loc":{"start":{"line":90,"column":16},"end":{"line":102,"column":null}},"line":90},"8":{"name":"(anonymous_8)","decl":{"start":{"line":96,"column":11},"end":{"line":96,"column":17}},"loc":{"start":{"line":96,"column":17},"end":{"line":101,"column":null}},"line":96},"9":{"name":"(anonymous_9)","decl":{"start":{"line":107,"column":10},"end":{"line":107,"column":24}},"loc":{"start":{"line":107,"column":46},"end":{"line":112,"column":null}},"line":107},"10":{"name":"(anonymous_10)","decl":{"start":{"line":110,"column":24},"end":{"line":110,"column":25}},"loc":{"start":{"line":110,"column":38},"end":{"line":110,"column":58}},"line":110},"11":{"name":"(anonymous_11)","decl":{"start":{"line":118,"column":2},"end":{"line":118,"column":18}},"loc":{"start":{"line":118,"column":18},"end":{"line":139,"column":null}},"line":118},"12":{"name":"(anonymous_12)","decl":{"start":{"line":145,"column":2},"end":{"line":145,"column":21}},"loc":{"start":{"line":145,"column":21},"end":{"line":155,"column":null}},"line":145},"13":{"name":"(anonymous_13)","decl":{"start":{"line":160,"column":2},"end":{"line":160,"column":20}},"loc":{"start":{"line":160,"column":20},"end":{"line":165,"column":null}},"line":160},"14":{"name":"(anonymous_14)","decl":{"start":{"line":170,"column":10},"end":{"line":170,"column":29}},"loc":{"start":{"line":170,"column":29},"end":{"line":173,"column":null}},"line":170},"15":{"name":"(anonymous_15)","decl":{"start":{"line":178,"column":10},"end":{"line":178,"column":22}},"loc":{"start":{"line":178,"column":47},"end":{"line":198,"column":null}},"line":178},"16":{"name":"(anonymous_16)","decl":{"start":{"line":203,"column":10},"end":{"line":203,"column":30}},"loc":{"start":{"line":203,"column":30},"end":{"line":205,"column":null}},"line":203},"17":{"name":"(anonymous_17)","decl":{"start":{"line":210,"column":10},"end":{"line":210,"column":24}},"loc":{"start":{"line":210,"column":51},"end":{"line":217,"column":null}},"line":210},"18":{"name":"(anonymous_18)","decl":{"start":{"line":222,"column":10},"end":{"line":222,"column":36}},"loc":{"start":{"line":222,"column":36},"end":{"line":235,"column":null}},"line":222},"19":{"name":"(anonymous_19)","decl":{"start":{"line":232,"column":41},"end":{"line":232,"column":47}},"loc":{"start":{"line":232,"column":47},"end":{"line":234,"column":7}},"line":232},"20":{"name":"(anonymous_20)","decl":{"start":{"line":240,"column":10},"end":{"line":240,"column":40}},"loc":{"start":{"line":240,"column":40},"end":{"line":245,"column":null}},"line":240}},"branchMap":{"0":{"loc":{"start":{"line":51,"column":23},"end":{"line":51,"column":null}},"type":"cond-expr","locations":[{"start":{"line":51,"column":63},"end":{"line":51,"column":72}},{"start":{"line":51,"column":72},"end":{"line":51,"column":null}}],"line":51},"1":{"loc":{"start":{"line":66,"column":4},"end":{"line":69,"column":null}},"type":"if","locations":[{"start":{"line":66,"column":4},"end":{"line":69,"column":null}},{"start":{},"end":{}}],"line":66},"2":{"loc":{"start":{"line":91,"column":4},"end":{"line":93,"column":null}},"type":"if","locations":[{"start":{"line":91,"column":4},"end":{"line":93,"column":null}},{"start":{},"end":{}}],"line":91},"3":{"loc":{"start":{"line":98,"column":6},"end":{"line":100,"column":null}},"type":"if","locations":[{"start":{"line":98,"column":6},"end":{"line":100,"column":null}},{"start":{},"end":{}}],"line":98},"4":{"loc":{"start":{"line":109,"column":4},"end":{"line":111,"column":null}},"type":"if","locations":[{"start":{"line":109,"column":4},"end":{"line":111,"column":null}},{"start":{},"end":{}}],"line":109},"5":{"loc":{"start":{"line":119,"column":4},"end":{"line":121,"column":null}},"type":"if","locations":[{"start":{"line":119,"column":4},"end":{"line":121,"column":null}},{"start":{},"end":{}}],"line":119},"6":{"loc":{"start":{"line":124,"column":4},"end":{"line":127,"column":null}},"type":"if","locations":[{"start":{"line":124,"column":4},"end":{"line":127,"column":null}},{"start":{},"end":{}}],"line":124},"7":{"loc":{"start":{"line":149,"column":4},"end":{"line":152,"column":null}},"type":"if","locations":[{"start":{"line":149,"column":4},"end":{"line":152,"column":null}},{"start":{},"end":{}}],"line":149},"8":{"loc":{"start":{"line":182,"column":4},"end":{"line":187,"column":null}},"type":"if","locations":[{"start":{"line":182,"column":4},"end":{"line":187,"column":null}},{"start":{},"end":{}}],"line":182},"9":{"loc":{"start":{"line":192,"column":4},"end":{"line":194,"column":null}},"type":"if","locations":[{"start":{"line":192,"column":4},"end":{"line":194,"column":null}},{"start":{},"end":{}}],"line":192},"10":{"loc":{"start":{"line":241,"column":4},"end":{"line":244,"column":null}},"type":"if","locations":[{"start":{"line":241,"column":4},"end":{"line":244,"column":null}},{"start":{},"end":{}}],"line":241}},"s":{"0":1,"1":1,"2":1,"3":23,"4":23,"5":23,"6":23,"7":23,"8":23,"9":23,"10":35,"11":35,"12":18,"13":130,"14":106,"15":106,"16":12,"17":5,"18":5,"19":1,"20":7,"21":6,"22":7,"23":7,"24":1,"25":1,"26":1,"27":5,"28":5,"29":5,"30":5,"31":37,"32":1,"33":36,"34":36,"35":1,"36":1,"37":35,"38":35,"39":35,"40":35,"41":35,"42":35,"43":35,"44":35,"45":26,"46":26,"47":26,"48":19,"49":19,"50":26,"51":1,"52":1,"53":1,"54":1,"55":32,"56":32,"57":35,"58":35,"59":1,"60":1,"61":1,"62":1,"63":34,"64":34,"65":19,"66":15,"67":1,"68":6,"69":6,"70":6,"71":15,"72":15,"73":15,"74":15,"75":14,"76":41,"77":15,"78":15,"79":1},"f":{"0":23,"1":35,"2":18,"3":130,"4":12,"5":5,"6":1,"7":7,"8":1,"9":5,"10":5,"11":37,"12":26,"13":1,"14":32,"15":35,"16":1,"17":6,"18":15,"19":14,"20":41},"b":{"0":[0,35],"1":[106,24],"2":[6,1],"3":[1,0],"4":[5,0],"5":[1,36],"6":[1,35],"7":[19,7],"8":[1,34],"9":[19,15],"10":[15,26]},"meta":{"lastBranch":11,"lastFunction":21,"lastStatement":80,"seen":{"s:15:36:15:Infinity":0,"s:18:32:18:Infinity":1,"s:21:28:21:Infinity":2,"f:37:7:37:13":0,"s:38:2:38:Infinity":3,"s:39:2:39:Infinity":4,"s:40:2:40:Infinity":5,"s:41:2:41:Infinity":6,"s:42:2:42:Infinity":7,"s:43:2:43:Infinity":8,"s:44:2:44:Infinity":9,"f:50:10:50:29":1,"s:51:23:51:Infinity":10,"b:51:63:51:72:51:72:51:Infinity":0,"s:52:4:52:Infinity":11,"f:58:2:58:29":2,"s:59:4:59:Infinity":12,"f:65:10:65:19":3,"b:66:4:69:Infinity:undefined:undefined:undefined:undefined":1,"s:66:4:69:Infinity":13,"s:67:6:67:Infinity":14,"s:68:6:68:Infinity":15,"f:68:34:68:35":4,"s:68:48:68:66":16,"f:76:2:76:16":5,"s:77:4:77:Infinity":17,"s:78:4:78:Infinity":18,"f:78:11:78:17":6,"s:78:17:78:Infinity":19,"f:87:2:87:Infinity":7,"b:91:4:93:Infinity:undefined:undefined:undefined:undefined":2,"s:91:4:93:Infinity":20,"s:92:6:92:Infinity":21,"s:94:4:94:Infinity":22,"s:96:4:101:Infinity":23,"f:96:11:96:17":8,"s:97:24:97:Infinity":24,"b:98:6:100:Infinity:undefined:undefined:undefined:undefined":3,"s:98:6:100:Infinity":25,"s:99:8:99:Infinity":26,"f:107:10:107:24":9,"s:108:22:108:Infinity":27,"b:109:4:111:Infinity:undefined:undefined:undefined:undefined":4,"s:109:4:111:Infinity":28,"s:110:6:110:Infinity":29,"f:110:24:110:25":10,"s:110:38:110:58":30,"f:118:2:118:18":11,"b:119:4:121:Infinity:undefined:undefined:undefined:undefined":5,"s:119:4:121:Infinity":31,"s:120:6:120:Infinity":32,"s:123:10:123:Infinity":33,"b:124:4:127:Infinity:undefined:undefined:undefined:undefined":6,"s:124:4:127:Infinity":34,"s:125:6:125:Infinity":35,"s:126:6:126:Infinity":36,"s:129:4:129:Infinity":37,"s:130:4:130:Infinity":38,"s:132:16:132:Infinity":39,"s:133:4:133:Infinity":40,"s:135:4:135:Infinity":41,"s:136:4:136:Infinity":42,"s:137:4:137:Infinity":43,"s:138:4:138:Infinity":44,"f:145:2:145:21":12,"s:146:4:146:Infinity":45,"s:147:4:147:Infinity":46,"b:149:4:152:Infinity:undefined:undefined:undefined:undefined":7,"s:149:4:152:Infinity":47,"s:150:6:150:Infinity":48,"s:151:6:151:Infinity":49,"s:154:4:154:Infinity":50,"f:160:2:160:20":13,"s:161:4:161:Infinity":51,"s:162:4:162:Infinity":52,"s:163:4:163:Infinity":53,"s:164:4:164:Infinity":54,"f:170:10:170:29":14,"s:171:4:171:Infinity":55,"s:172:4:172:Infinity":56,"f:178:10:178:22":15,"s:179:4:179:Infinity":57,"b:182:4:187:Infinity:undefined:undefined:undefined:undefined":8,"s:182:4:187:Infinity":58,"s:183:6:183:Infinity":59,"s:184:6:184:Infinity":60,"s:185:6:185:Infinity":61,"s:186:6:186:Infinity":62,"s:189:4:189:Infinity":63,"b:192:4:194:Infinity:undefined:undefined:undefined:undefined":9,"s:192:4:194:Infinity":64,"s:193:6:193:Infinity":65,"s:197:4:197:Infinity":66,"f:203:10:203:30":16,"s:204:4:204:Infinity":67,"f:210:10:210:24":17,"s:211:4:216:Infinity":68,"s:212:19:212:Infinity":69,"s:213:6:213:Infinity":70,"f:222:10:222:36":18,"s:223:4:223:Infinity":71,"s:225:18:228:Infinity":72,"s:230:4:230:Infinity":73,"s:232:4:234:Infinity":74,"f:232:41:232:47":19,"s:233:6:233:Infinity":75,"f:240:10:240:40":20,"b:241:4:244:Infinity:undefined:undefined:undefined:undefined":10,"s:241:4:244:Infinity":76,"s:242:6:242:Infinity":77,"s:243:6:243:Infinity":78,"s:249:25:249:Infinity":79}}}
,"/Users/artemkuznecov/repos/gitlab_queue/frontend/src/auth/storage.ts": {"path":"/Users/artemkuznecov/repos/gitlab_queue/frontend/src/auth/storage.ts","statementMap":{"0":{"start":{"line":10,"column":18},"end":{"line":10,"column":null}},"1":{"start":{"line":13,"column":2},"end":{"line":18,"column":null}},"2":{"start":{"line":14,"column":4},"end":{"line":14,"column":null}},"3":{"start":{"line":17,"column":4},"end":{"line":17,"column":null}},"4":{"start":{"line":22,"column":2},"end":{"line":27,"column":null}},"5":{"start":{"line":23,"column":4},"end":{"line":23,"column":null}},"6":{"start":{"line":26,"column":4},"end":{"line":26,"column":null}},"7":{"start":{"line":31,"column":2},"end":{"line":35,"column":null}},"8":{"start":{"line":32,"column":4},"end":{"line":32,"column":null}},"9":{"start":{"line":39,"column":2},"end":{"line":39,"column":null}}},"fnMap":{"0":{"name":"getToken","decl":{"start":{"line":12,"column":16},"end":{"line":12,"column":42}},"loc":{"start":{"line":12,"column":42},"end":{"line":19,"column":null}},"line":12},"1":{"name":"setToken","decl":{"start":{"line":21,"column":16},"end":{"line":21,"column":25}},"loc":{"start":{"line":21,"column":46},"end":{"line":28,"column":null}},"line":21},"2":{"name":"clearToken","decl":{"start":{"line":30,"column":16},"end":{"line":30,"column":35}},"loc":{"start":{"line":30,"column":35},"end":{"line":36,"column":null}},"line":30},"3":{"name":"hasToken","decl":{"start":{"line":38,"column":16},"end":{"line":38,"column":36}},"loc":{"start":{"line":38,"column":36},"end":{"line":40,"column":null}},"line":38}},"branchMap":{},"s":{"0":1,"1":36,"2":36,"3":0,"4":20,"5":20,"6":0,"7":1,"8":1,"9":0},"f":{"0":36,"1":20,"2":1,"3":0},"b":{},"meta":{"lastBranch":0,"lastFunction":4,"lastStatement":10,"seen":{"s:10:18:10:Infinity":0,"f:12:16:12:42":0,"s:13:2:18:Infinity":1,"s:14:4:14:Infinity":2,"s:17:4:17:Infinity":3,"f:21:16:21:25":1,"s:22:2:27:Infinity":4,"s:23:4:23:Infinity":5,"s:26:4:26:Infinity":6,"f:30:16:30:35":2,"s:31:2:35:Infinity":7,"s:32:4:32:Infinity":8,"f:38:16:38:36":3,"s:39:2:39:Infinity":9}}}
}
